c:\projects\vulkan\base\debug\base.pdb
c:\projects\vulkan-demo\base\base.dir\debug\vulkanexamplebase.obj
c:\projects\vulkan-demo\base\base.dir\debug\vulkangltfmodel.obj
c:\projects\vulkan-demo\base\base.dir\debug\vulkanuioverlay.obj
c:\projects\vulkan-demo\base\base.dir\debug\vulkantools.obj
c:\projects\vulkan-demo\base\base.dir\debug\vulkantexture.obj
c:\projects\vulkan-demo\base\base.dir\debug\vulkanswapchain.obj
c:\projects\vulkan-demo\base\base.dir\debug\vulkanraytracingsample.obj
c:\projects\vulkan-demo\base\base.dir\debug\vulkandevice.obj
c:\projects\vulkan-demo\base\base.dir\debug\vulkandebug.obj
c:\projects\vulkan-demo\base\base.dir\debug\vulkanbuffer.obj
c:\projects\vulkan-demo\base\base.dir\debug\vulkanandroid.obj
c:\projects\vulkan-demo\base\base.dir\debug\imgui_widgets.obj
c:\projects\vulkan-demo\base\base.dir\debug\imgui_draw.obj
c:\projects\vulkan-demo\base\base.dir\debug\imgui_demo.obj
c:\projects\vulkan-demo\base\base.dir\debug\imgui.obj
c:\projects\vulkan-demo\base\base.dir\debug\filestream.obj
c:\projects\vulkan-demo\base\base.dir\debug\memstream.obj
c:\projects\vulkan-demo\base\base.dir\debug\swap.obj
c:\projects\vulkan-demo\base\base.dir\debug\checkheader.obj
c:\projects\vulkan-demo\base\base.dir\debug\hashlist.obj
c:\projects\vulkan-demo\base\base.dir\debug\texture.obj
c:\projects\vulkan\base\cmakefiles\generate.stamp
c:\projects\vulkan\base\debug\base.lib
c:\projects\vulkan-demo\base\base.dir\debug\base.tlog\cl.command.1.tlog
c:\projects\vulkan-demo\base\base.dir\debug\base.tlog\cl.items.tlog
c:\projects\vulkan-demo\base\base.dir\debug\base.tlog\cl.read.1.tlog
c:\projects\vulkan-demo\base\base.dir\debug\base.tlog\cl.write.1.tlog
c:\projects\vulkan-demo\base\base.dir\debug\base.tlog\custombuild.command.1.tlog
c:\projects\vulkan-demo\base\base.dir\debug\base.tlog\custombuild.read.1.tlog
c:\projects\vulkan-demo\base\base.dir\debug\base.tlog\custombuild.write.1.tlog
c:\projects\vulkan-demo\base\base.dir\debug\base.tlog\lib-link.read.1.tlog
c:\projects\vulkan-demo\base\base.dir\debug\base.tlog\lib-link.write.1.tlog
c:\projects\vulkan-demo\base\base.dir\debug\base.tlog\lib.command.1.tlog
